# JRE version: 7.0_25-b17
# Java VM: Java HotSpot(TM) Client VM (23.25-b01 mixed mode, sharing windows-x86 )
Heap
 def new generation   total 4928K, used 4248K [0x23470000, 0x239c0000, 0x289c0000)
  eden space 4416K,  84% used [0x23470000, 0x238182d8, 0x238c0000)
  from space 512K,  98% used [0x238c0000, 0x2393e0f8, 0x23940000)
  to   space 512K,   0% used [0x23940000, 0x23940000, 0x239c0000)
 tenured generation   total 10944K, used 4250K [0x289c0000, 0x29470000, 0x33470000)
   the space 10944K,  38% used [0x289c0000, 0x28de6bd0, 0x28de6c00, 0x29470000)
 compacting perm gen  total 12288K, used 1524K [0x33470000, 0x34070000, 0x37470000)
   the space 12288K,  12% used [0x33470000, 0x335ed160, 0x335ed200, 0x34070000)
    ro space 10240K,  45% used [0x37470000, 0x378f9b28, 0x378f9c00, 0x37e70000)
    rw space 12288K,  54% used [0x37e70000, 0x384fd0e8, 0x384fd200, 0x38a70000)
GC Heap History (4 events):
Event: 0.424 GC heap before
{Heap before GC invocations=0 (full 0):
 def new generation   total 4928K, used 4112K [0x23470000, 0x239c0000, 0x289c0000)
  eden space 4416K,  93% used [0x23470000, 0x23874220, 0x238c0000)
  from space 512K,   0% used [0x238c0000, 0x238c0000, 0x23940000)
  to   space 512K,   0% used [0x23940000, 0x23940000, 0x239c0000)
 tenured generation   total 10944K, used 0K [0x289c0000, 0x29470000, 0x33470000)
   the space 10944K,   0% used [0x289c0000, 0x289c0000, 0x289c0200, 0x29470000)
 compacting perm gen  total 12288K, used 1311K [0x33470000, 0x34070000, 0x37470000)
   the space 12288K,  10% used [0x33470000, 0x335b7f20, 0x335b8000, 0x34070000)
    ro space 10240K,  45% used [0x37470000, 0x378f9b28, 0x378f9c00, 0x37e70000)
    rw space 12288K,  54% used [0x37e70000, 0x384fd0e8, 0x384fd200, 0x38a70000)
Event: 0.429 GC heap after
Heap after GC invocations=1 (full 0):
 def new generation   total 4928K, used 512K [0x23470000, 0x239c0000, 0x289c0000)
  eden space 4416K,   0% used [0x23470000, 0x23470000, 0x238c0000)
  from space 512K, 100% used [0x23940000, 0x239c0000, 0x239c0000)
  to   space 512K,   0% used [0x238c0000, 0x238c0000, 0x23940000)
 tenured generation   total 10944K, used 1502K [0x289c0000, 0x29470000, 0x33470000)
   the space 10944K,  13% used [0x289c0000, 0x28b37be0, 0x28b37c00, 0x29470000)
 compacting perm gen  total 12288K, used 1311K [0x33470000, 0x34070000, 0x37470000)
   the space 12288K,  10% used [0x33470000, 0x335b7f20, 0x335b8000, 0x34070000)
    ro space 10240K,  45% used [0x37470000, 0x378f9b28, 0x378f9c00, 0x37e70000)
    rw space 12288K,  54% used [0x37e70000, 0x384fd0e8, 0x384fd200, 0x38a70000)
}
Event: 0.503 GC heap before
{Heap before GC invocations=1 (full 0):
 def new generation   total 4928K, used 4928K [0x23470000, 0x239c0000, 0x289c0000)
  eden space 4416K, 100% used [0x23470000, 0x238c0000, 0x238c0000)
  from space 512K, 100% used [0x23940000, 0x239c0000, 0x239c0000)
  to   space 512K,   0% used [0x238c0000, 0x238c0000, 0x23940000)
 tenured generation   total 10944K, used 1502K [0x289c0000, 0x29470000, 0x33470000)
   the space 10944K,  13% used [0x289c0000, 0x28b37be0, 0x28b37c00, 0x29470000)
 compacting perm gen  total 12288K, used 1346K [0x33470000, 0x34070000, 0x37470000)
   the space 12288K,  10% used [0x33470000, 0x335c09a8, 0x335c0a00, 0x34070000)
    ro space 10240K,  45% used [0x37470000, 0x378f9b28, 0x378f9c00, 0x37e70000)
    rw space 12288K,  54% used [0x37e70000, 0x384fd0e8, 0x384fd200, 0x38a70000)
Event: 0.507 GC heap after
Heap after GC invocations=2 (full 0):
 def new generation   total 4928K, used 504K [0x23470000, 0x239c0000, 0x289c0000)
  eden space 4416K,   0% used [0x23470000, 0x23470000, 0x238c0000)
  from space 512K,  98% used [0x238c0000, 0x2393e0f8, 0x23940000)
  to   space 512K,   0% used [0x23940000, 0x23940000, 0x239c0000)
 tenured generation   total 10944K, used 4250K [0x289c0000, 0x29470000, 0x33470000)
   the space 10944K,  38% used [0x289c0000, 0x28de6bd0, 0x28de6c00, 0x29470000)
 compacting perm gen  total 12288K, used 1346K [0x33470000, 0x34070000, 0x37470000)
   the space 12288K,  10% used [0x33470000, 0x335c09a8, 0x335c0a00, 0x34070000)
    ro space 10240K,  45% used [0x37470000, 0x378f9b28, 0x378f9c00, 0x37e70000)
    rw space 12288K,  54% used [0x37e70000, 0x384fd0e8, 0x384fd200, 0x38a70000)
}

